Performing C++ SOURCE FILE Test HAVE_CXXABI_H failed with the following output:
Change Dir: /home/wil/projects/research/rosbeam/build/build_isolated/cpp_common/CMakeFiles/CMakeTmp

Run Build Command:"/usr/bin/make" "cmTC_6120f/fast"
make[1]: Entering directory '/home/wil/projects/research/rosbeam/build/build_isolated/cpp_common/CMakeFiles/CMakeTmp'
/usr/bin/make -f CMakeFiles/cmTC_6120f.dir/build.make CMakeFiles/cmTC_6120f.dir/build
make[2]: Entering directory '/home/wil/projects/research/rosbeam/build/build_isolated/cpp_common/CMakeFiles/CMakeTmp'
Building CXX object CMakeFiles/cmTC_6120f.dir/src.cxx.o
/usr/bin/c++    -DHAVE_CXXABI_H   -o CMakeFiles/cmTC_6120f.dir/src.cxx.o -c /home/wil/projects/research/rosbeam/build/build_isolated/cpp_common/CMakeFiles/CMakeTmp/src.cxx
/home/wil/projects/research/rosbeam/build/build_isolated/cpp_common/CMakeFiles/CMakeTmp/src.cxx:2:8: error: expected constructor, destructor, or type conversion before ‘(’ token
 intmain(intargc,char**argv){}
        ^
CMakeFiles/cmTC_6120f.dir/build.make:65: recipe for target 'CMakeFiles/cmTC_6120f.dir/src.cxx.o' failed
make[2]: *** [CMakeFiles/cmTC_6120f.dir/src.cxx.o] Error 1
make[2]: Leaving directory '/home/wil/projects/research/rosbeam/build/build_isolated/cpp_common/CMakeFiles/CMakeTmp'
Makefile:126: recipe for target 'cmTC_6120f/fast' failed
make[1]: Leaving directory '/home/wil/projects/research/rosbeam/build/build_isolated/cpp_common/CMakeFiles/CMakeTmp'
make[1]: *** [cmTC_6120f/fast] Error 2

Source file was:
#include<cxxabi.h>
intmain(intargc,char**argv){}
